<?xml version="1.0" encoding="UTF-8" ?>
<testsuite tests="9" failures="0" name="com.ankitnandwani.cucumber.RunCukesTest" time="33.032" errors="0" skipped="4">
  <properties>
[...]
</properties>
  <testcase classname="Scenario: Product Details Test" name="Given I am at AppliFashion Homepage for Task 3 test" time="0.001"/>
  <testcase classname="Scenario: Product Details Test" name="When I click on first black shoe and product details page is displayed" time="0"/>
  <testcase classname="Scenario: Product Details Test" name="Then Page should be displayed correctly for step Product Details test" time="0"/>
  <testcase classname="Scenario: Product Details Test" name="Scenario: Product Details Test" time="20.635"/>
  <testcase classname="Scenario: Verify Homepage" name="Given I am at AppliFashion Homepage" time="2.232">
    <skipped/>
    <system-err>Starting ChromeDriver 83.0.4103.39 (ccbf011cb2d2b19b506d844400483861342c20cd-refs/branch-heads/4103@{#416}) on port 31163
Only local connections are allowed.
Please see https://chromedriver.chromium.org/security-considerations for suggestions on keeping ChromeDriver safe.
ChromeDriver was started successfully.
Jun 11, 2020 1:42:40 AM org.openqa.selenium.remote.ProtocolHandshake createSession
INFO: Detected dialect: W3C
</system-err>
  </testcase>
  <testcase classname="Scenario: Verify Homepage" name="When I do nothing" time="2.232">
    <skipped/>
  </testcase>
  <testcase classname="Scenario: Verify Homepage" name="Then Page should be displayed correctly" time="2.232">
    <skipped/>
  </testcase>
  <testcase classname="Scenario: Verify Homepage" name="Scenario: Verify Homepage" time="2.85">
    <skipped/>
    <system-out>result summary {
	all results=
		
	passed=0
	unresolved=0
	failed=0
	exceptions=0
	mismatches=0
	missing=0
	matches=0
}
</system-out>
  </testcase>
  <testcase classname="Scenario: Verify Homepage" name="Scenario: Verify Homepage" time="2.85"/>
</testsuite>