<?xml version="1.0" encoding="UTF-8" ?>
<testsuite tests="105" failures="14" name="com.ankitnandwani.cucumber.RunCukesTest" time="56.027" errors="0" skipped="0">
  <properties>
    <property name="java.runtime.name" value="Java(TM) SE Runtime Environment"/>
    <property name="sun.boot.library.path" value="C:\Program Files\Java\jdk1.8.0_221\jre\bin"/>
    <property name="java.vm.version" value="25.221-b11"/>
    <property name="java.vm.vendor" value="Oracle Corporation"/>
    <property name="maven.multiModuleProjectDirectory" value="C:\Workspace\Automation\AppliHackathon\TraditionalTestsV1"/>
    <property name="java.vendor.url" value="http://java.oracle.com/"/>
    <property name="path.separator" value=";"/>
    <property name="guice.disable.misplaced.annotation.check" value="true"/>
    <property name="java.vm.name" value="Java HotSpot(TM) 64-Bit Server VM"/>
    <property name="file.encoding.pkg" value="sun.io"/>
    <property name="user.script" value=""/>
    <property name="user.country" value="US"/>
    <property name="sun.java.launcher" value="SUN_STANDARD"/>
    <property name="sun.os.patch.level" value=""/>
    <property name="java.vm.specification.name" value="Java Virtual Machine Specification"/>
    <property name="user.dir" value="C:\Workspace\Automation\AppliHackathon\TraditionalTestsV1"/>
    <property name="java.runtime.version" value="1.8.0_221-b11"/>
    <property name="java.awt.graphicsenv" value="sun.awt.Win32GraphicsEnvironment"/>
    <property name="java.endorsed.dirs" value="C:\Program Files\Java\jdk1.8.0_221\jre\lib\endorsed"/>
    <property name="os.arch" value="amd64"/>
    <property name="java.io.tmpdir" value="C:\Users\ANKIT~1.NAN\AppData\Local\Temp\"/>
    <property name="line.separator" value="
"/>
    <property name="java.vm.specification.vendor" value="Oracle Corporation"/>
    <property name="user.variant" value=""/>
    <property name="os.name" value="Windows 10"/>
    <property name="maven.ext.class.path" value="C:\Users\ankit.nandwani\AppData\Local\JetBrains\IntelliJ IDEA Community Edition 2019.3\plugins\maven\lib\maven-event-listener.jar"/>
    <property name="classworlds.conf" value="C:\Users\ankit.nandwani\AppData\Local\JetBrains\IntelliJ IDEA Community Edition 2019.3\plugins\maven\lib\maven3\bin\m2.conf"/>
    <property name="sun.jnu.encoding" value="Cp1252"/>
    <property name="java.library.path" value="C:\Program Files\Java\jdk1.8.0_221\bin;C:\windows\Sun\Java\bin;C:\windows\system32;C:\windows;C:\Program Files (x86)\Common Files\Oracle\Java\javapath;C:\windows\system32;C:\windows;C:\windows\System32\Wbem;C:\windows\System32\WindowsPowerShell\v1.0\;C:\windows\System32\OpenSSH\;C:\Workspace\Software\apache-ant-1.8.2\bin;C:\Program Files\Java\jdk1.7.0_80\bin;C:\Program Files\Microsoft SQL Server\Client SDK\ODBC\130\Tools\Binn\;C:\Program Files (x86)\Microsoft SQL Server\140\Tools\Binn\;C:\Program Files\Microsoft SQL Server\140\Tools\Binn\;C:\Program Files\Microsoft SQL Server\140\DTS\Binn\;C:\Program Files (x86)\Microsoft SQL Server\150\DTS\Binn\;C:\Program Files\Git\cmd;C:\Program Files (x86)\Intel\Intel(R) Management Engine Components\DAL;C:\Program Files\Intel\Intel(R) Management Engine Components\DAL;C:\Program Files\nodejs\;C:\Users\ankit.nandwani\AppData\Local\Microsoft\WindowsApps;C:\Users\ankit.nandwani\AppData\Local\Programs\Microsoft VS Code\bin;C:\Users\ankit.nandwani\AppData\Local\atom\bin;C:\Users\ankit.nandwani\AppData\Local\GitHubDesktop\bin;C:\Users\ankit.nandwani\AppData\Roaming\npm;."/>
    <property name="maven.conf" value="C:\Users\ankit.nandwani\AppData\Local\JetBrains\IntelliJ IDEA Community Edition 2019.3\plugins\maven\lib\maven3/conf"/>
    <property name="java.specification.name" value="Java Platform API Specification"/>
    <property name="java.class.version" value="52.0"/>
    <property name="sun.management.compiler" value="HotSpot 64-Bit Tiered Compilers"/>
    <property name="os.version" value="10.0"/>
    <property name="user.home" value="C:\Users\ankit.nandwani"/>
    <property name="user.timezone" value="Asia/Calcutta"/>
    <property name="java.awt.printerjob" value="sun.awt.windows.WPrinterJob"/>
    <property name="java.specification.version" value="1.8"/>
    <property name="file.encoding" value="UTF-8"/>
    <property name="user.name" value="ankit.nandwani"/>
    <property name="java.class.path" value="C:\Users\ankit.nandwani\AppData\Local\JetBrains\IntelliJ IDEA Community Edition 2019.3\plugins\maven\lib\maven3\boot\plexus-classworlds-2.6.0.jar;C:\Users\ankit.nandwani\AppData\Local\JetBrains\IntelliJ IDEA Community Edition 2019.3\lib\idea_rt.jar"/>
    <property name="java.vm.specification.version" value="1.8"/>
    <property name="sun.arch.data.model" value="64"/>
    <property name="java.home" value="C:\Program Files\Java\jdk1.8.0_221\jre"/>
    <property name="sun.java.command" value="org.codehaus.classworlds.Launcher -Didea.version2019.3 test"/>
    <property name="java.specification.vendor" value="Oracle Corporation"/>
    <property name="user.language" value="en"/>
    <property name="awt.toolkit" value="sun.awt.windows.WToolkit"/>
    <property name="java.vm.info" value="mixed mode"/>
    <property name="java.version" value="1.8.0_221"/>
    <property name="java.ext.dirs" value="C:\Program Files\Java\jdk1.8.0_221\jre\lib\ext;C:\windows\Sun\Java\lib\ext"/>
    <property name="sun.boot.class.path" value="C:\Program Files\Java\jdk1.8.0_221\jre\lib\resources.jar;C:\Program Files\Java\jdk1.8.0_221\jre\lib\rt.jar;C:\Program Files\Java\jdk1.8.0_221\jre\lib\sunrsasign.jar;C:\Program Files\Java\jdk1.8.0_221\jre\lib\jsse.jar;C:\Program Files\Java\jdk1.8.0_221\jre\lib\jce.jar;C:\Program Files\Java\jdk1.8.0_221\jre\lib\charsets.jar;C:\Program Files\Java\jdk1.8.0_221\jre\lib\jfr.jar;C:\Program Files\Java\jdk1.8.0_221\jre\classes"/>
    <property name="java.vendor" value="Oracle Corporation"/>
    <property name="maven.home" value="C:\Users\ankit.nandwani\AppData\Local\JetBrains\IntelliJ IDEA Community Edition 2019.3\plugins\maven\lib\maven3"/>
    <property name="file.separator" value="\"/>
    <property name="idea.version2019.3" value="true"/>
    <property name="java.vendor.url.bug" value="http://bugreport.sun.com/bugreport/"/>
    <property name="sun.cpu.endian" value="little"/>
    <property name="sun.io.unicode.encoding" value="UnicodeLittle"/>
    <property name="sun.desktop" value="windows"/>
    <property name="sun.cpu.isalist" value="amd64"/>
  </properties>
  <testcase classname="| chrome | 1200 | 700 | laptop |" name="Given I run the test on chrome with 1200 and 700" time="0.006"/>
  <testcase classname="| chrome | 1200 | 700 | laptop |" name="And I am at AppliFashion Homepage for Task 1 test in laptop" time="0"/>
  <testcase classname="| chrome | 1200 | 700 | laptop |" name="When I do nothing" time="0.001"/>
  <testcase classname="| chrome | 1200 | 700 | laptop |" name="Then SearchBar should be displayed correctly" time="0.001"/>
  <testcase classname="| chrome | 1200 | 700 | laptop |" name="| chrome | 1200 | 700 | laptop |" time="1.06"/>
  <testcase classname="| firefox | 1200 | 700 | laptop |" name="Given I run the test on firefox with 1200 and 700" time="0"/>
  <testcase classname="| firefox | 1200 | 700 | laptop |" name="And I am at AppliFashion Homepage for Task 1 test in laptop" time="0"/>
  <testcase classname="| firefox | 1200 | 700 | laptop |" name="When I do nothing" time="0"/>
  <testcase classname="| firefox | 1200 | 700 | laptop |" name="Then SearchBar should be displayed correctly" time="0"/>
  <testcase classname="| firefox | 1200 | 700 | laptop |" name="| firefox | 1200 | 700 | laptop |" time="13.205"/>
  <testcase classname="| edge | 1200 | 700 | laptop |" name="Given I run the test on edge with 1200 and 700" time="0"/>
  <testcase classname="| edge | 1200 | 700 | laptop |" name="And I am at AppliFashion Homepage for Task 1 test in laptop" time="0"/>
  <testcase classname="| edge | 1200 | 700 | laptop |" name="When I do nothing" time="0"/>
  <testcase classname="| edge | 1200 | 700 | laptop |" name="Then SearchBar should be displayed correctly" time="0"/>
  <testcase classname="| edge | 1200 | 700 | laptop |" name="| edge | 1200 | 700 | laptop |" time="1.187"/>
  <testcase classname="| chrome | 768 | 700 | tablet |" name="Given I run the test on chrome with 768 and 700" time="0"/>
  <testcase classname="| chrome | 768 | 700 | tablet |" name="And I am at AppliFashion Homepage for Task 1 test in tablet" time="0"/>
  <testcase classname="| chrome | 768 | 700 | tablet |" name="When I do nothing" time="0"/>
  <testcase classname="| chrome | 768 | 700 | tablet |" name="Then SearchBar should be displayed correctly" time="0"/>
  <testcase classname="| chrome | 768 | 700 | tablet |" name="| chrome | 768 | 700 | tablet |" time="0.701"/>
  <testcase classname="| firefox | 768 | 700 | tablet |" name="Given I run the test on firefox with 768 and 700" time="0"/>
  <testcase classname="| firefox | 768 | 700 | tablet |" name="And I am at AppliFashion Homepage for Task 1 test in tablet" time="0"/>
  <testcase classname="| firefox | 768 | 700 | tablet |" name="When I do nothing" time="0"/>
  <testcase classname="| firefox | 768 | 700 | tablet |" name="Then SearchBar should be displayed correctly" time="0"/>
  <testcase classname="| firefox | 768 | 700 | tablet |" name="| firefox | 768 | 700 | tablet |" time="11.38"/>
  <testcase classname="| edge | 768 | 700 | tablet |" name="Given I run the test on edge with 768 and 700" time="0"/>
  <testcase classname="| edge | 768 | 700 | tablet |" name="And I am at AppliFashion Homepage for Task 1 test in tablet" time="0"/>
  <testcase classname="| edge | 768 | 700 | tablet |" name="When I do nothing" time="0"/>
  <testcase classname="| edge | 768 | 700 | tablet |" name="Then SearchBar should be displayed correctly" time="0"/>
  <testcase classname="| edge | 768 | 700 | tablet |" name="| edge | 768 | 700 | tablet |" time="1.205"/>
  <testcase classname="| chrome | 500 | 700 | mobile |" name="Given I run the test on chrome with 500 and 700" time="0"/>
  <testcase classname="| chrome | 500 | 700 | mobile |" name="And I am at AppliFashion Homepage for Task 1 test in mobile" time="0"/>
  <testcase classname="| chrome | 500 | 700 | mobile |" name="When I do nothing" time="0"/>
  <testcase classname="| chrome | 500 | 700 | mobile |" name="Then SearchBar should be displayed correctly" time="0.005">
    <failure message="
The following assertion failed:
1) expected:&lt;[fals]e&gt; but was:&lt;[tru]e&gt;
" type="org.assertj.core.api.SoftAssertionError">org.assertj.core.api.SoftAssertionError: 
The following assertion failed:
1) expected:&lt;[fals]e&gt; but was:&lt;[tru]e&gt;

	at org.assertj.core.error.AssertionErrorCreator.multipleSoftAssertionsError(AssertionErrorCreator.java:75)
	at org.assertj.core.api.AbstractSoftAssertions.assertAll(AbstractSoftAssertions.java:37)
	at com.ankitnandwani.cucumber.StepDefs.GridPage.SearchBarShouldBeDisplayedCorrectly(GridPage.java:88)
	at ✽.Then SearchBar should be displayed correctly(com/ankitnandwani/cucumber/Features/GridPage.feature:8)
</failure>
  </testcase>
  <testcase classname="| chrome | 500 | 700 | mobile |" name="| chrome | 500 | 700 | mobile |" time="0.006">
    <failure message="
The following assertion failed:
1) expected:&lt;[fals]e&gt; but was:&lt;[tru]e&gt;
" type="org.assertj.core.api.SoftAssertionError">org.assertj.core.api.SoftAssertionError: 
The following assertion failed:
1) expected:&lt;[fals]e&gt; but was:&lt;[tru]e&gt;

	at org.assertj.core.error.AssertionErrorCreator.multipleSoftAssertionsError(AssertionErrorCreator.java:75)
	at org.assertj.core.api.AbstractSoftAssertions.assertAll(AbstractSoftAssertions.java:37)
	at com.ankitnandwani.cucumber.StepDefs.GridPage.SearchBarShouldBeDisplayedCorrectly(GridPage.java:88)
	at ✽.Then SearchBar should be displayed correctly(com/ankitnandwani/cucumber/Features/GridPage.feature:8)
</failure>
  </testcase>
  <testcase classname="| chrome | 1200 | 700 | laptop |" name="Given I run the test on chrome with 1200 and 700" time="0"/>
  <testcase classname="| chrome | 1200 | 700 | laptop |" name="And I am at AppliFashion Homepage for Task 1 test in laptop" time="0"/>
  <testcase classname="| chrome | 1200 | 700 | laptop |" name="When I do nothing" time="0"/>
  <testcase classname="| chrome | 1200 | 700 | laptop |" name="Then Magnifying glass should be displayed correctly" time="0">
    <failure message="
The following assertion failed:
1) expected:&lt;[fals]e&gt; but was:&lt;[tru]e&gt;
" type="org.assertj.core.api.SoftAssertionError">org.assertj.core.api.SoftAssertionError: 
The following assertion failed:
1) expected:&lt;[fals]e&gt; but was:&lt;[tru]e&gt;

	at org.assertj.core.error.AssertionErrorCreator.multipleSoftAssertionsError(AssertionErrorCreator.java:75)
	at org.assertj.core.api.AbstractSoftAssertions.assertAll(AbstractSoftAssertions.java:37)
	at com.ankitnandwani.cucumber.StepDefs.GridPage.MagnifyingGlassShouldBeDisplayedCorrectly(GridPage.java:123)
	at ✽.Then Magnifying glass should be displayed correctly(com/ankitnandwani/cucumber/Features/GridPage.feature:25)
</failure>
  </testcase>
  <testcase classname="| chrome | 1200 | 700 | laptop |" name="| chrome | 1200 | 700 | laptop |" time="0">
    <failure message="
The following assertion failed:
1) expected:&lt;[fals]e&gt; but was:&lt;[tru]e&gt;
" type="org.assertj.core.api.SoftAssertionError">org.assertj.core.api.SoftAssertionError: 
The following assertion failed:
1) expected:&lt;[fals]e&gt; but was:&lt;[tru]e&gt;

	at org.assertj.core.error.AssertionErrorCreator.multipleSoftAssertionsError(AssertionErrorCreator.java:75)
	at org.assertj.core.api.AbstractSoftAssertions.assertAll(AbstractSoftAssertions.java:37)
	at com.ankitnandwani.cucumber.StepDefs.GridPage.MagnifyingGlassShouldBeDisplayedCorrectly(GridPage.java:123)
	at ✽.Then Magnifying glass should be displayed correctly(com/ankitnandwani/cucumber/Features/GridPage.feature:25)
</failure>
  </testcase>
  <testcase classname="| firefox | 1200 | 700 | laptop |" name="Given I run the test on firefox with 1200 and 700" time="0"/>
  <testcase classname="| firefox | 1200 | 700 | laptop |" name="And I am at AppliFashion Homepage for Task 1 test in laptop" time="0"/>
  <testcase classname="| firefox | 1200 | 700 | laptop |" name="When I do nothing" time="0"/>
  <testcase classname="| firefox | 1200 | 700 | laptop |" name="Then Magnifying glass should be displayed correctly" time="0">
    <failure message="
The following assertion failed:
1) expected:&lt;[fals]e&gt; but was:&lt;[tru]e&gt;
" type="org.assertj.core.api.SoftAssertionError">org.assertj.core.api.SoftAssertionError: 
The following assertion failed:
1) expected:&lt;[fals]e&gt; but was:&lt;[tru]e&gt;

	at org.assertj.core.error.AssertionErrorCreator.multipleSoftAssertionsError(AssertionErrorCreator.java:75)
	at org.assertj.core.api.AbstractSoftAssertions.assertAll(AbstractSoftAssertions.java:37)
	at com.ankitnandwani.cucumber.StepDefs.GridPage.MagnifyingGlassShouldBeDisplayedCorrectly(GridPage.java:123)
	at ✽.Then Magnifying glass should be displayed correctly(com/ankitnandwani/cucumber/Features/GridPage.feature:25)
</failure>
  </testcase>
  <testcase classname="| firefox | 1200 | 700 | laptop |" name="| firefox | 1200 | 700 | laptop |" time="0">
    <failure message="
The following assertion failed:
1) expected:&lt;[fals]e&gt; but was:&lt;[tru]e&gt;
" type="org.assertj.core.api.SoftAssertionError">org.assertj.core.api.SoftAssertionError: 
The following assertion failed:
1) expected:&lt;[fals]e&gt; but was:&lt;[tru]e&gt;

	at org.assertj.core.error.AssertionErrorCreator.multipleSoftAssertionsError(AssertionErrorCreator.java:75)
	at org.assertj.core.api.AbstractSoftAssertions.assertAll(AbstractSoftAssertions.java:37)
	at com.ankitnandwani.cucumber.StepDefs.GridPage.MagnifyingGlassShouldBeDisplayedCorrectly(GridPage.java:123)
	at ✽.Then Magnifying glass should be displayed correctly(com/ankitnandwani/cucumber/Features/GridPage.feature:25)
</failure>
  </testcase>
  <testcase classname="| edge | 1200 | 700 | laptop |" name="Given I run the test on edge with 1200 and 700" time="0"/>
  <testcase classname="| edge | 1200 | 700 | laptop |" name="And I am at AppliFashion Homepage for Task 1 test in laptop" time="0"/>
  <testcase classname="| edge | 1200 | 700 | laptop |" name="When I do nothing" time="0.001"/>
  <testcase classname="| edge | 1200 | 700 | laptop |" name="Then Magnifying glass should be displayed correctly" time="0">
    <failure message="
The following assertion failed:
1) expected:&lt;[fals]e&gt; but was:&lt;[tru]e&gt;
" type="org.assertj.core.api.SoftAssertionError">org.assertj.core.api.SoftAssertionError: 
The following assertion failed:
1) expected:&lt;[fals]e&gt; but was:&lt;[tru]e&gt;

	at org.assertj.core.error.AssertionErrorCreator.multipleSoftAssertionsError(AssertionErrorCreator.java:75)
	at org.assertj.core.api.AbstractSoftAssertions.assertAll(AbstractSoftAssertions.java:37)
	at com.ankitnandwani.cucumber.StepDefs.GridPage.MagnifyingGlassShouldBeDisplayedCorrectly(GridPage.java:123)
	at ✽.Then Magnifying glass should be displayed correctly(com/ankitnandwani/cucumber/Features/GridPage.feature:25)
</failure>
  </testcase>
  <testcase classname="| edge | 1200 | 700 | laptop |" name="| edge | 1200 | 700 | laptop |" time="0">
    <failure message="
The following assertion failed:
1) expected:&lt;[fals]e&gt; but was:&lt;[tru]e&gt;
" type="org.assertj.core.api.SoftAssertionError">org.assertj.core.api.SoftAssertionError: 
The following assertion failed:
1) expected:&lt;[fals]e&gt; but was:&lt;[tru]e&gt;

	at org.assertj.core.error.AssertionErrorCreator.multipleSoftAssertionsError(AssertionErrorCreator.java:75)
	at org.assertj.core.api.AbstractSoftAssertions.assertAll(AbstractSoftAssertions.java:37)
	at com.ankitnandwani.cucumber.StepDefs.GridPage.MagnifyingGlassShouldBeDisplayedCorrectly(GridPage.java:123)
	at ✽.Then Magnifying glass should be displayed correctly(com/ankitnandwani/cucumber/Features/GridPage.feature:25)
</failure>
  </testcase>
  <testcase classname="| chrome | 768 | 700 | tablet |" name="Given I run the test on chrome with 768 and 700" time="0"/>
  <testcase classname="| chrome | 768 | 700 | tablet |" name="And I am at AppliFashion Homepage for Task 1 test in tablet" time="0"/>
  <testcase classname="| chrome | 768 | 700 | tablet |" name="When I do nothing" time="0"/>
  <testcase classname="| chrome | 768 | 700 | tablet |" name="Then Magnifying glass should be displayed correctly" time="0.001">
    <failure message="
The following assertion failed:
1) expected:&lt;[fals]e&gt; but was:&lt;[tru]e&gt;
" type="org.assertj.core.api.SoftAssertionError">org.assertj.core.api.SoftAssertionError: 
The following assertion failed:
1) expected:&lt;[fals]e&gt; but was:&lt;[tru]e&gt;

	at org.assertj.core.error.AssertionErrorCreator.multipleSoftAssertionsError(AssertionErrorCreator.java:75)
	at org.assertj.core.api.AbstractSoftAssertions.assertAll(AbstractSoftAssertions.java:37)
	at com.ankitnandwani.cucumber.StepDefs.GridPage.MagnifyingGlassShouldBeDisplayedCorrectly(GridPage.java:123)
	at ✽.Then Magnifying glass should be displayed correctly(com/ankitnandwani/cucumber/Features/GridPage.feature:25)
</failure>
  </testcase>
  <testcase classname="| chrome | 768 | 700 | tablet |" name="| chrome | 768 | 700 | tablet |" time="0.001">
    <failure message="
The following assertion failed:
1) expected:&lt;[fals]e&gt; but was:&lt;[tru]e&gt;
" type="org.assertj.core.api.SoftAssertionError">org.assertj.core.api.SoftAssertionError: 
The following assertion failed:
1) expected:&lt;[fals]e&gt; but was:&lt;[tru]e&gt;

	at org.assertj.core.error.AssertionErrorCreator.multipleSoftAssertionsError(AssertionErrorCreator.java:75)
	at org.assertj.core.api.AbstractSoftAssertions.assertAll(AbstractSoftAssertions.java:37)
	at com.ankitnandwani.cucumber.StepDefs.GridPage.MagnifyingGlassShouldBeDisplayedCorrectly(GridPage.java:123)
	at ✽.Then Magnifying glass should be displayed correctly(com/ankitnandwani/cucumber/Features/GridPage.feature:25)
</failure>
  </testcase>
  <testcase classname="| firefox | 768 | 700 | tablet |" name="Given I run the test on firefox with 768 and 700" time="0"/>
  <testcase classname="| firefox | 768 | 700 | tablet |" name="And I am at AppliFashion Homepage for Task 1 test in tablet" time="0"/>
  <testcase classname="| firefox | 768 | 700 | tablet |" name="When I do nothing" time="0"/>
  <testcase classname="| firefox | 768 | 700 | tablet |" name="Then Magnifying glass should be displayed correctly" time="0">
    <failure message="
The following assertion failed:
1) expected:&lt;[fals]e&gt; but was:&lt;[tru]e&gt;
" type="org.assertj.core.api.SoftAssertionError">org.assertj.core.api.SoftAssertionError: 
The following assertion failed:
1) expected:&lt;[fals]e&gt; but was:&lt;[tru]e&gt;

	at org.assertj.core.error.AssertionErrorCreator.multipleSoftAssertionsError(AssertionErrorCreator.java:75)
	at org.assertj.core.api.AbstractSoftAssertions.assertAll(AbstractSoftAssertions.java:37)
	at com.ankitnandwani.cucumber.StepDefs.GridPage.MagnifyingGlassShouldBeDisplayedCorrectly(GridPage.java:123)
	at ✽.Then Magnifying glass should be displayed correctly(com/ankitnandwani/cucumber/Features/GridPage.feature:25)
</failure>
  </testcase>
  <testcase classname="| firefox | 768 | 700 | tablet |" name="| firefox | 768 | 700 | tablet |" time="0">
    <failure message="
The following assertion failed:
1) expected:&lt;[fals]e&gt; but was:&lt;[tru]e&gt;
" type="org.assertj.core.api.SoftAssertionError">org.assertj.core.api.SoftAssertionError: 
The following assertion failed:
1) expected:&lt;[fals]e&gt; but was:&lt;[tru]e&gt;

	at org.assertj.core.error.AssertionErrorCreator.multipleSoftAssertionsError(AssertionErrorCreator.java:75)
	at org.assertj.core.api.AbstractSoftAssertions.assertAll(AbstractSoftAssertions.java:37)
	at com.ankitnandwani.cucumber.StepDefs.GridPage.MagnifyingGlassShouldBeDisplayedCorrectly(GridPage.java:123)
	at ✽.Then Magnifying glass should be displayed correctly(com/ankitnandwani/cucumber/Features/GridPage.feature:25)
</failure>
  </testcase>
  <testcase classname="| edge | 768 | 700 | tablet |" name="Given I run the test on edge with 768 and 700" time="0"/>
  <testcase classname="| edge | 768 | 700 | tablet |" name="And I am at AppliFashion Homepage for Task 1 test in tablet" time="0"/>
  <testcase classname="| edge | 768 | 700 | tablet |" name="When I do nothing" time="0"/>
  <testcase classname="| edge | 768 | 700 | tablet |" name="Then Magnifying glass should be displayed correctly" time="0.001">
    <failure message="
The following assertion failed:
1) expected:&lt;[fals]e&gt; but was:&lt;[tru]e&gt;
" type="org.assertj.core.api.SoftAssertionError">org.assertj.core.api.SoftAssertionError: 
The following assertion failed:
1) expected:&lt;[fals]e&gt; but was:&lt;[tru]e&gt;

	at org.assertj.core.error.AssertionErrorCreator.multipleSoftAssertionsError(AssertionErrorCreator.java:75)
	at org.assertj.core.api.AbstractSoftAssertions.assertAll(AbstractSoftAssertions.java:37)
	at com.ankitnandwani.cucumber.StepDefs.GridPage.MagnifyingGlassShouldBeDisplayedCorrectly(GridPage.java:123)
	at ✽.Then Magnifying glass should be displayed correctly(com/ankitnandwani/cucumber/Features/GridPage.feature:25)
</failure>
  </testcase>
  <testcase classname="| edge | 768 | 700 | tablet |" name="| edge | 768 | 700 | tablet |" time="0.001">
    <failure message="
The following assertion failed:
1) expected:&lt;[fals]e&gt; but was:&lt;[tru]e&gt;
" type="org.assertj.core.api.SoftAssertionError">org.assertj.core.api.SoftAssertionError: 
The following assertion failed:
1) expected:&lt;[fals]e&gt; but was:&lt;[tru]e&gt;

	at org.assertj.core.error.AssertionErrorCreator.multipleSoftAssertionsError(AssertionErrorCreator.java:75)
	at org.assertj.core.api.AbstractSoftAssertions.assertAll(AbstractSoftAssertions.java:37)
	at com.ankitnandwani.cucumber.StepDefs.GridPage.MagnifyingGlassShouldBeDisplayedCorrectly(GridPage.java:123)
	at ✽.Then Magnifying glass should be displayed correctly(com/ankitnandwani/cucumber/Features/GridPage.feature:25)
</failure>
  </testcase>
  <testcase classname="| chrome | 500 | 700 | mobile |" name="Given I run the test on chrome with 500 and 700" time="0"/>
  <testcase classname="| chrome | 500 | 700 | mobile |" name="And I am at AppliFashion Homepage for Task 1 test in mobile" time="0"/>
  <testcase classname="| chrome | 500 | 700 | mobile |" name="When I do nothing" time="0"/>
  <testcase classname="| chrome | 500 | 700 | mobile |" name="Then Magnifying glass should be displayed correctly" time="0"/>
  <testcase classname="| chrome | 500 | 700 | mobile |" name="| chrome | 500 | 700 | mobile |" time="1.16"/>
  <testcase classname="| chrome | 1200 | 700 | laptop |" name="Given I run the test on chrome with 1200 and 700" time="0"/>
  <testcase classname="| chrome | 1200 | 700 | laptop |" name="And I am at AppliFashion Homepage for Task 1 test in laptop" time="0"/>
  <testcase classname="| chrome | 1200 | 700 | laptop |" name="When I click the white filter" time="0"/>
  <testcase classname="| chrome | 1200 | 700 | laptop |" name="Then only white shoes should be displayed" time="0"/>
  <testcase classname="| chrome | 1200 | 700 | laptop |" name="| chrome | 1200 | 700 | laptop |" time="0.948"/>
  <testcase classname="| firefox | 1200 | 700 | laptop |" name="Given I run the test on firefox with 1200 and 700" time="0"/>
  <testcase classname="| firefox | 1200 | 700 | laptop |" name="And I am at AppliFashion Homepage for Task 1 test in laptop" time="0"/>
  <testcase classname="| firefox | 1200 | 700 | laptop |" name="When I click the white filter" time="0"/>
  <testcase classname="| firefox | 1200 | 700 | laptop |" name="Then only white shoes should be displayed" time="0"/>
  <testcase classname="| firefox | 1200 | 700 | laptop |" name="| firefox | 1200 | 700 | laptop |" time="8.673"/>
  <testcase classname="| edge | 1200 | 700 | laptop |" name="Given I run the test on edge with 1200 and 700" time="0"/>
  <testcase classname="| edge | 1200 | 700 | laptop |" name="And I am at AppliFashion Homepage for Task 1 test in laptop" time="0"/>
  <testcase classname="| edge | 1200 | 700 | laptop |" name="When I click the white filter" time="0"/>
  <testcase classname="| edge | 1200 | 700 | laptop |" name="Then only white shoes should be displayed" time="0"/>
  <testcase classname="| edge | 1200 | 700 | laptop |" name="| edge | 1200 | 700 | laptop |" time="1.525"/>
  <testcase classname="| chrome | 768 | 700 | tablet |" name="Given I run the test on chrome with 768 and 700" time="0.001"/>
  <testcase classname="| chrome | 768 | 700 | tablet |" name="And I am at AppliFashion Homepage for Task 1 test in tablet" time="0"/>
  <testcase classname="| chrome | 768 | 700 | tablet |" name="When I click the white filter" time="0"/>
  <testcase classname="| chrome | 768 | 700 | tablet |" name="Then only white shoes should be displayed" time="0"/>
  <testcase classname="| chrome | 768 | 700 | tablet |" name="| chrome | 768 | 700 | tablet |" time="0.966"/>
  <testcase classname="| firefox | 768 | 700 | tablet |" name="Given I run the test on firefox with 768 and 700" time="0"/>
  <testcase classname="| firefox | 768 | 700 | tablet |" name="And I am at AppliFashion Homepage for Task 1 test in tablet" time="0"/>
  <testcase classname="| firefox | 768 | 700 | tablet |" name="When I click the white filter" time="0"/>
  <testcase classname="| firefox | 768 | 700 | tablet |" name="Then only white shoes should be displayed" time="0"/>
  <testcase classname="| firefox | 768 | 700 | tablet |" name="| firefox | 768 | 700 | tablet |" time="11.585"/>
  <testcase classname="| edge | 768 | 700 | tablet |" name="Given I run the test on edge with 768 and 700" time="0"/>
  <testcase classname="| edge | 768 | 700 | tablet |" name="And I am at AppliFashion Homepage for Task 1 test in tablet" time="0"/>
  <testcase classname="| edge | 768 | 700 | tablet |" name="When I click the white filter" time="0"/>
  <testcase classname="| edge | 768 | 700 | tablet |" name="Then only white shoes should be displayed" time="0"/>
  <testcase classname="| edge | 768 | 700 | tablet |" name="| edge | 768 | 700 | tablet |" time="1.252"/>
  <testcase classname="| chrome | 500 | 700 | mobile |" name="Given I run the test on chrome with 500 and 700" time="0"/>
  <testcase classname="| chrome | 500 | 700 | mobile |" name="And I am at AppliFashion Homepage for Task 1 test in mobile" time="0"/>
  <testcase classname="| chrome | 500 | 700 | mobile |" name="When I click the white filter" time="0"/>
  <testcase classname="| chrome | 500 | 700 | mobile |" name="Then only white shoes should be displayed" time="0"/>
  <testcase classname="| chrome | 500 | 700 | mobile |" name="| chrome | 500 | 700 | mobile |" time="1.155"/>
</testsuite>