<?xml version="1.0" encoding="UTF-8" ?>
<testsuite tests="105" failures="14" name="com.ankitnandwani.cucumber.RunCukesTest" time="56.027" errors="0" skipped="0">
  <properties>
[...]
</properties>
  <testcase classname="| chrome | 1200 | 700 | laptop |" name="Given I run the test on chrome with 1200 and 700" time="0.006"/>
  <testcase classname="| chrome | 1200 | 700 | laptop |" name="And I am at AppliFashion Homepage for Task 1 test in laptop" time="0"/>
  <testcase classname="| chrome | 1200 | 700 | laptop |" name="When I do nothing" time="0.001"/>
  <testcase classname="| chrome | 1200 | 700 | laptop |" name="Then SearchBar should be displayed correctly" time="0.001"/>
  <testcase classname="| chrome | 1200 | 700 | laptop |" name="| chrome | 1200 | 700 | laptop |" time="1.06"/>
  <testcase classname="| firefox | 1200 | 700 | laptop |" name="Given I run the test on firefox with 1200 and 700" time="0"/>
  <testcase classname="| firefox | 1200 | 700 | laptop |" name="And I am at AppliFashion Homepage for Task 1 test in laptop" time="0"/>
  <testcase classname="| firefox | 1200 | 700 | laptop |" name="When I do nothing" time="0"/>
  <testcase classname="| firefox | 1200 | 700 | laptop |" name="Then SearchBar should be displayed correctly" time="0"/>
  <testcase classname="| firefox | 1200 | 700 | laptop |" name="| firefox | 1200 | 700 | laptop |" time="13.205"/>
  <testcase classname="| edge | 1200 | 700 | laptop |" name="Given I run the test on edge with 1200 and 700" time="0"/>
  <testcase classname="| edge | 1200 | 700 | laptop |" name="And I am at AppliFashion Homepage for Task 1 test in laptop" time="0"/>
  <testcase classname="| edge | 1200 | 700 | laptop |" name="When I do nothing" time="0"/>
  <testcase classname="| edge | 1200 | 700 | laptop |" name="Then SearchBar should be displayed correctly" time="0"/>
  <testcase classname="| edge | 1200 | 700 | laptop |" name="| edge | 1200 | 700 | laptop |" time="1.187"/>
  <testcase classname="| chrome | 768 | 700 | tablet |" name="Given I run the test on chrome with 768 and 700" time="0"/>
  <testcase classname="| chrome | 768 | 700 | tablet |" name="And I am at AppliFashion Homepage for Task 1 test in tablet" time="0"/>
  <testcase classname="| chrome | 768 | 700 | tablet |" name="When I do nothing" time="0"/>
  <testcase classname="| chrome | 768 | 700 | tablet |" name="Then SearchBar should be displayed correctly" time="0"/>
  <testcase classname="| chrome | 768 | 700 | tablet |" name="| chrome | 768 | 700 | tablet |" time="0.701"/>
  <testcase classname="| firefox | 768 | 700 | tablet |" name="Given I run the test on firefox with 768 and 700" time="0"/>
  <testcase classname="| firefox | 768 | 700 | tablet |" name="And I am at AppliFashion Homepage for Task 1 test in tablet" time="0"/>
  <testcase classname="| firefox | 768 | 700 | tablet |" name="When I do nothing" time="0"/>
  <testcase classname="| firefox | 768 | 700 | tablet |" name="Then SearchBar should be displayed correctly" time="0"/>
  <testcase classname="| firefox | 768 | 700 | tablet |" name="| firefox | 768 | 700 | tablet |" time="11.38"/>
  <testcase classname="| edge | 768 | 700 | tablet |" name="Given I run the test on edge with 768 and 700" time="0"/>
  <testcase classname="| edge | 768 | 700 | tablet |" name="And I am at AppliFashion Homepage for Task 1 test in tablet" time="0"/>
  <testcase classname="| edge | 768 | 700 | tablet |" name="When I do nothing" time="0"/>
  <testcase classname="| edge | 768 | 700 | tablet |" name="Then SearchBar should be displayed correctly" time="0"/>
  <testcase classname="| edge | 768 | 700 | tablet |" name="| edge | 768 | 700 | tablet |" time="1.205"/>
  <testcase classname="| chrome | 500 | 700 | mobile |" name="Given I run the test on chrome with 500 and 700" time="0"/>
  <testcase classname="| chrome | 500 | 700 | mobile |" name="And I am at AppliFashion Homepage for Task 1 test in mobile" time="0"/>
  <testcase classname="| chrome | 500 | 700 | mobile |" name="When I do nothing" time="0"/>
  <testcase classname="| chrome | 500 | 700 | mobile |" name="Then SearchBar should be displayed correctly" time="0.005">
    <failure message="
The following assertion failed:
1) expected:&lt;[fals]e&gt; but was:&lt;[tru]e&gt;
" type="org.assertj.core.api.SoftAssertionError">org.assertj.core.api.SoftAssertionError: 
The following assertion failed:
1) expected:&lt;[fals]e&gt; but was:&lt;[tru]e&gt;

	at org.assertj.core.error.AssertionErrorCreator.multipleSoftAssertionsError(AssertionErrorCreator.java:75)
	at org.assertj.core.api.AbstractSoftAssertions.assertAll(AbstractSoftAssertions.java:37)
	at com.ankitnandwani.cucumber.StepDefs.GridPage.SearchBarShouldBeDisplayedCorrectly(GridPage.java:88)
	at ✽.Then SearchBar should be displayed correctly(com/ankitnandwani/cucumber/Features/GridPage.feature:8)
</failure>
  </testcase>
  <testcase classname="| chrome | 500 | 700 | mobile |" name="| chrome | 500 | 700 | mobile |" time="0.006">
    <failure message="
The following assertion failed:
1) expected:&lt;[fals]e&gt; but was:&lt;[tru]e&gt;
" type="org.assertj.core.api.SoftAssertionError">org.assertj.core.api.SoftAssertionError: 
The following assertion failed:
1) expected:&lt;[fals]e&gt; but was:&lt;[tru]e&gt;

	at org.assertj.core.error.AssertionErrorCreator.multipleSoftAssertionsError(AssertionErrorCreator.java:75)
	at org.assertj.core.api.AbstractSoftAssertions.assertAll(AbstractSoftAssertions.java:37)
	at com.ankitnandwani.cucumber.StepDefs.GridPage.SearchBarShouldBeDisplayedCorrectly(GridPage.java:88)
	at ✽.Then SearchBar should be displayed correctly(com/ankitnandwani/cucumber/Features/GridPage.feature:8)
</failure>
  </testcase>
  <testcase classname="| chrome | 1200 | 700 | laptop |" name="Given I run the test on chrome with 1200 and 700" time="0"/>
  <testcase classname="| chrome | 1200 | 700 | laptop |" name="And I am at AppliFashion Homepage for Task 1 test in laptop" time="0"/>
  <testcase classname="| chrome | 1200 | 700 | laptop |" name="When I do nothing" time="0"/>
  <testcase classname="| chrome | 1200 | 700 | laptop |" name="Then Magnifying glass should be displayed correctly" time="0">
    <failure message="
The following assertion failed:
1) expected:&lt;[fals]e&gt; but was:&lt;[tru]e&gt;
" type="org.assertj.core.api.SoftAssertionError">org.assertj.core.api.SoftAssertionError: 
The following assertion failed:
1) expected:&lt;[fals]e&gt; but was:&lt;[tru]e&gt;

	at org.assertj.core.error.AssertionErrorCreator.multipleSoftAssertionsError(AssertionErrorCreator.java:75)
	at org.assertj.core.api.AbstractSoftAssertions.assertAll(AbstractSoftAssertions.java:37)
	at com.ankitnandwani.cucumber.StepDefs.GridPage.MagnifyingGlassShouldBeDisplayedCorrectly(GridPage.java:123)
	at ✽.Then Magnifying glass should be displayed correctly(com/ankitnandwani/cucumber/Features/GridPage.feature:25)
</failure>
  </testcase>
  <testcase classname="| chrome | 1200 | 700 | laptop |" name="| chrome | 1200 | 700 | laptop |" time="0">
    <failure message="
The following assertion failed:
1) expected:&lt;[fals]e&gt; but was:&lt;[tru]e&gt;
" type="org.assertj.core.api.SoftAssertionError">org.assertj.core.api.SoftAssertionError: 
The following assertion failed:
1) expected:&lt;[fals]e&gt; but was:&lt;[tru]e&gt;

	at org.assertj.core.error.AssertionErrorCreator.multipleSoftAssertionsError(AssertionErrorCreator.java:75)
	at org.assertj.core.api.AbstractSoftAssertions.assertAll(AbstractSoftAssertions.java:37)
	at com.ankitnandwani.cucumber.StepDefs.GridPage.MagnifyingGlassShouldBeDisplayedCorrectly(GridPage.java:123)
	at ✽.Then Magnifying glass should be displayed correctly(com/ankitnandwani/cucumber/Features/GridPage.feature:25)
</failure>
  </testcase>
  <testcase classname="| firefox | 1200 | 700 | laptop |" name="Given I run the test on firefox with 1200 and 700" time="0"/>
  <testcase classname="| firefox | 1200 | 700 | laptop |" name="And I am at AppliFashion Homepage for Task 1 test in laptop" time="0"/>
  <testcase classname="| firefox | 1200 | 700 | laptop |" name="When I do nothing" time="0"/>
  <testcase classname="| firefox | 1200 | 700 | laptop |" name="Then Magnifying glass should be displayed correctly" time="0">
    <failure message="
The following assertion failed:
1) expected:&lt;[fals]e&gt; but was:&lt;[tru]e&gt;
" type="org.assertj.core.api.SoftAssertionError">org.assertj.core.api.SoftAssertionError: 
The following assertion failed:
1) expected:&lt;[fals]e&gt; but was:&lt;[tru]e&gt;

	at org.assertj.core.error.AssertionErrorCreator.multipleSoftAssertionsError(AssertionErrorCreator.java:75)
	at org.assertj.core.api.AbstractSoftAssertions.assertAll(AbstractSoftAssertions.java:37)
	at com.ankitnandwani.cucumber.StepDefs.GridPage.MagnifyingGlassShouldBeDisplayedCorrectly(GridPage.java:123)
	at ✽.Then Magnifying glass should be displayed correctly(com/ankitnandwani/cucumber/Features/GridPage.feature:25)
</failure>
  </testcase>
  <testcase classname="| firefox | 1200 | 700 | laptop |" name="| firefox | 1200 | 700 | laptop |" time="0">
    <failure message="
The following assertion failed:
1) expected:&lt;[fals]e&gt; but was:&lt;[tru]e&gt;
" type="org.assertj.core.api.SoftAssertionError">org.assertj.core.api.SoftAssertionError: 
The following assertion failed:
1) expected:&lt;[fals]e&gt; but was:&lt;[tru]e&gt;

	at org.assertj.core.error.AssertionErrorCreator.multipleSoftAssertionsError(AssertionErrorCreator.java:75)
	at org.assertj.core.api.AbstractSoftAssertions.assertAll(AbstractSoftAssertions.java:37)
	at com.ankitnandwani.cucumber.StepDefs.GridPage.MagnifyingGlassShouldBeDisplayedCorrectly(GridPage.java:123)
	at ✽.Then Magnifying glass should be displayed correctly(com/ankitnandwani/cucumber/Features/GridPage.feature:25)
</failure>
  </testcase>
  <testcase classname="| edge | 1200 | 700 | laptop |" name="Given I run the test on edge with 1200 and 700" time="0"/>
  <testcase classname="| edge | 1200 | 700 | laptop |" name="And I am at AppliFashion Homepage for Task 1 test in laptop" time="0"/>
  <testcase classname="| edge | 1200 | 700 | laptop |" name="When I do nothing" time="0.001"/>
  <testcase classname="| edge | 1200 | 700 | laptop |" name="Then Magnifying glass should be displayed correctly" time="0">
    <failure message="
The following assertion failed:
1) expected:&lt;[fals]e&gt; but was:&lt;[tru]e&gt;
" type="org.assertj.core.api.SoftAssertionError">org.assertj.core.api.SoftAssertionError: 
The following assertion failed:
1) expected:&lt;[fals]e&gt; but was:&lt;[tru]e&gt;

	at org.assertj.core.error.AssertionErrorCreator.multipleSoftAssertionsError(AssertionErrorCreator.java:75)
	at org.assertj.core.api.AbstractSoftAssertions.assertAll(AbstractSoftAssertions.java:37)
	at com.ankitnandwani.cucumber.StepDefs.GridPage.MagnifyingGlassShouldBeDisplayedCorrectly(GridPage.java:123)
	at ✽.Then Magnifying glass should be displayed correctly(com/ankitnandwani/cucumber/Features/GridPage.feature:25)
</failure>
  </testcase>
  <testcase classname="| edge | 1200 | 700 | laptop |" name="| edge | 1200 | 700 | laptop |" time="0">
    <failure message="
The following assertion failed:
1) expected:&lt;[fals]e&gt; but was:&lt;[tru]e&gt;
" type="org.assertj.core.api.SoftAssertionError">org.assertj.core.api.SoftAssertionError: 
The following assertion failed:
1) expected:&lt;[fals]e&gt; but was:&lt;[tru]e&gt;

	at org.assertj.core.error.AssertionErrorCreator.multipleSoftAssertionsError(AssertionErrorCreator.java:75)
	at org.assertj.core.api.AbstractSoftAssertions.assertAll(AbstractSoftAssertions.java:37)
	at com.ankitnandwani.cucumber.StepDefs.GridPage.MagnifyingGlassShouldBeDisplayedCorrectly(GridPage.java:123)
	at ✽.Then Magnifying glass should be displayed correctly(com/ankitnandwani/cucumber/Features/GridPage.feature:25)
</failure>
  </testcase>
  <testcase classname="| chrome | 768 | 700 | tablet |" name="Given I run the test on chrome with 768 and 700" time="0"/>
  <testcase classname="| chrome | 768 | 700 | tablet |" name="And I am at AppliFashion Homepage for Task 1 test in tablet" time="0"/>
  <testcase classname="| chrome | 768 | 700 | tablet |" name="When I do nothing" time="0"/>
  <testcase classname="| chrome | 768 | 700 | tablet |" name="Then Magnifying glass should be displayed correctly" time="0.001">
    <failure message="
The following assertion failed:
1) expected:&lt;[fals]e&gt; but was:&lt;[tru]e&gt;
" type="org.assertj.core.api.SoftAssertionError">org.assertj.core.api.SoftAssertionError: 
The following assertion failed:
1) expected:&lt;[fals]e&gt; but was:&lt;[tru]e&gt;

	at org.assertj.core.error.AssertionErrorCreator.multipleSoftAssertionsError(AssertionErrorCreator.java:75)
	at org.assertj.core.api.AbstractSoftAssertions.assertAll(AbstractSoftAssertions.java:37)
	at com.ankitnandwani.cucumber.StepDefs.GridPage.MagnifyingGlassShouldBeDisplayedCorrectly(GridPage.java:123)
	at ✽.Then Magnifying glass should be displayed correctly(com/ankitnandwani/cucumber/Features/GridPage.feature:25)
</failure>
  </testcase>
  <testcase classname="| chrome | 768 | 700 | tablet |" name="| chrome | 768 | 700 | tablet |" time="0.001">
    <failure message="
The following assertion failed:
1) expected:&lt;[fals]e&gt; but was:&lt;[tru]e&gt;
" type="org.assertj.core.api.SoftAssertionError">org.assertj.core.api.SoftAssertionError: 
The following assertion failed:
1) expected:&lt;[fals]e&gt; but was:&lt;[tru]e&gt;

	at org.assertj.core.error.AssertionErrorCreator.multipleSoftAssertionsError(AssertionErrorCreator.java:75)
	at org.assertj.core.api.AbstractSoftAssertions.assertAll(AbstractSoftAssertions.java:37)
	at com.ankitnandwani.cucumber.StepDefs.GridPage.MagnifyingGlassShouldBeDisplayedCorrectly(GridPage.java:123)
	at ✽.Then Magnifying glass should be displayed correctly(com/ankitnandwani/cucumber/Features/GridPage.feature:25)
</failure>
  </testcase>
  <testcase classname="| firefox | 768 | 700 | tablet |" name="Given I run the test on firefox with 768 and 700" time="0"/>
  <testcase classname="| firefox | 768 | 700 | tablet |" name="And I am at AppliFashion Homepage for Task 1 test in tablet" time="0"/>
  <testcase classname="| firefox | 768 | 700 | tablet |" name="When I do nothing" time="0"/>
  <testcase classname="| firefox | 768 | 700 | tablet |" name="Then Magnifying glass should be displayed correctly" time="0">
    <failure message="
The following assertion failed:
1) expected:&lt;[fals]e&gt; but was:&lt;[tru]e&gt;
" type="org.assertj.core.api.SoftAssertionError">org.assertj.core.api.SoftAssertionError: 
The following assertion failed:
1) expected:&lt;[fals]e&gt; but was:&lt;[tru]e&gt;

	at org.assertj.core.error.AssertionErrorCreator.multipleSoftAssertionsError(AssertionErrorCreator.java:75)
	at org.assertj.core.api.AbstractSoftAssertions.assertAll(AbstractSoftAssertions.java:37)
	at com.ankitnandwani.cucumber.StepDefs.GridPage.MagnifyingGlassShouldBeDisplayedCorrectly(GridPage.java:123)
	at ✽.Then Magnifying glass should be displayed correctly(com/ankitnandwani/cucumber/Features/GridPage.feature:25)
</failure>
  </testcase>
  <testcase classname="| firefox | 768 | 700 | tablet |" name="| firefox | 768 | 700 | tablet |" time="0">
    <failure message="
The following assertion failed:
1) expected:&lt;[fals]e&gt; but was:&lt;[tru]e&gt;
" type="org.assertj.core.api.SoftAssertionError">org.assertj.core.api.SoftAssertionError: 
The following assertion failed:
1) expected:&lt;[fals]e&gt; but was:&lt;[tru]e&gt;

	at org.assertj.core.error.AssertionErrorCreator.multipleSoftAssertionsError(AssertionErrorCreator.java:75)
	at org.assertj.core.api.AbstractSoftAssertions.assertAll(AbstractSoftAssertions.java:37)
	at com.ankitnandwani.cucumber.StepDefs.GridPage.MagnifyingGlassShouldBeDisplayedCorrectly(GridPage.java:123)
	at ✽.Then Magnifying glass should be displayed correctly(com/ankitnandwani/cucumber/Features/GridPage.feature:25)
</failure>
  </testcase>
  <testcase classname="| edge | 768 | 700 | tablet |" name="Given I run the test on edge with 768 and 700" time="0"/>
  <testcase classname="| edge | 768 | 700 | tablet |" name="And I am at AppliFashion Homepage for Task 1 test in tablet" time="0"/>
  <testcase classname="| edge | 768 | 700 | tablet |" name="When I do nothing" time="0"/>
  <testcase classname="| edge | 768 | 700 | tablet |" name="Then Magnifying glass should be displayed correctly" time="0.001">
    <failure message="
The following assertion failed:
1) expected:&lt;[fals]e&gt; but was:&lt;[tru]e&gt;
" type="org.assertj.core.api.SoftAssertionError">org.assertj.core.api.SoftAssertionError: 
The following assertion failed:
1) expected:&lt;[fals]e&gt; but was:&lt;[tru]e&gt;

	at org.assertj.core.error.AssertionErrorCreator.multipleSoftAssertionsError(AssertionErrorCreator.java:75)
	at org.assertj.core.api.AbstractSoftAssertions.assertAll(AbstractSoftAssertions.java:37)
	at com.ankitnandwani.cucumber.StepDefs.GridPage.MagnifyingGlassShouldBeDisplayedCorrectly(GridPage.java:123)
	at ✽.Then Magnifying glass should be displayed correctly(com/ankitnandwani/cucumber/Features/GridPage.feature:25)
</failure>
  </testcase>
  <testcase classname="| edge | 768 | 700 | tablet |" name="| edge | 768 | 700 | tablet |" time="0.001">
    <failure message="
The following assertion failed:
1) expected:&lt;[fals]e&gt; but was:&lt;[tru]e&gt;
" type="org.assertj.core.api.SoftAssertionError">org.assertj.core.api.SoftAssertionError: 
The following assertion failed:
1) expected:&lt;[fals]e&gt; but was:&lt;[tru]e&gt;

	at org.assertj.core.error.AssertionErrorCreator.multipleSoftAssertionsError(AssertionErrorCreator.java:75)
	at org.assertj.core.api.AbstractSoftAssertions.assertAll(AbstractSoftAssertions.java:37)
	at com.ankitnandwani.cucumber.StepDefs.GridPage.MagnifyingGlassShouldBeDisplayedCorrectly(GridPage.java:123)
	at ✽.Then Magnifying glass should be displayed correctly(com/ankitnandwani/cucumber/Features/GridPage.feature:25)
</failure>
  </testcase>
  <testcase classname="| chrome | 500 | 700 | mobile |" name="Given I run the test on chrome with 500 and 700" time="0"/>
  <testcase classname="| chrome | 500 | 700 | mobile |" name="And I am at AppliFashion Homepage for Task 1 test in mobile" time="0"/>
  <testcase classname="| chrome | 500 | 700 | mobile |" name="When I do nothing" time="0"/>
  <testcase classname="| chrome | 500 | 700 | mobile |" name="Then Magnifying glass should be displayed correctly" time="0"/>
  <testcase classname="| chrome | 500 | 700 | mobile |" name="| chrome | 500 | 700 | mobile |" time="1.16"/>
  <testcase classname="| chrome | 1200 | 700 | laptop |" name="Given I run the test on chrome with 1200 and 700" time="0"/>
  <testcase classname="| chrome | 1200 | 700 | laptop |" name="And I am at AppliFashion Homepage for Task 1 test in laptop" time="0"/>
  <testcase classname="| chrome | 1200 | 700 | laptop |" name="When I click the white filter" time="0"/>
  <testcase classname="| chrome | 1200 | 700 | laptop |" name="Then only white shoes should be displayed" time="0"/>
  <testcase classname="| chrome | 1200 | 700 | laptop |" name="| chrome | 1200 | 700 | laptop |" time="0.948"/>
  <testcase classname="| firefox | 1200 | 700 | laptop |" name="Given I run the test on firefox with 1200 and 700" time="0"/>
  <testcase classname="| firefox | 1200 | 700 | laptop |" name="And I am at AppliFashion Homepage for Task 1 test in laptop" time="0"/>
  <testcase classname="| firefox | 1200 | 700 | laptop |" name="When I click the white filter" time="0"/>
  <testcase classname="| firefox | 1200 | 700 | laptop |" name="Then only white shoes should be displayed" time="0"/>
  <testcase classname="| firefox | 1200 | 700 | laptop |" name="| firefox | 1200 | 700 | laptop |" time="8.673"/>
  <testcase classname="| edge | 1200 | 700 | laptop |" name="Given I run the test on edge with 1200 and 700" time="0"/>
  <testcase classname="| edge | 1200 | 700 | laptop |" name="And I am at AppliFashion Homepage for Task 1 test in laptop" time="0"/>
  <testcase classname="| edge | 1200 | 700 | laptop |" name="When I click the white filter" time="0"/>
  <testcase classname="| edge | 1200 | 700 | laptop |" name="Then only white shoes should be displayed" time="0"/>
  <testcase classname="| edge | 1200 | 700 | laptop |" name="| edge | 1200 | 700 | laptop |" time="1.525"/>
  <testcase classname="| chrome | 768 | 700 | tablet |" name="Given I run the test on chrome with 768 and 700" time="0.001"/>
  <testcase classname="| chrome | 768 | 700 | tablet |" name="And I am at AppliFashion Homepage for Task 1 test in tablet" time="0"/>
  <testcase classname="| chrome | 768 | 700 | tablet |" name="When I click the white filter" time="0"/>
  <testcase classname="| chrome | 768 | 700 | tablet |" name="Then only white shoes should be displayed" time="0"/>
  <testcase classname="| chrome | 768 | 700 | tablet |" name="| chrome | 768 | 700 | tablet |" time="0.966"/>
  <testcase classname="| firefox | 768 | 700 | tablet |" name="Given I run the test on firefox with 768 and 700" time="0"/>
  <testcase classname="| firefox | 768 | 700 | tablet |" name="And I am at AppliFashion Homepage for Task 1 test in tablet" time="0"/>
  <testcase classname="| firefox | 768 | 700 | tablet |" name="When I click the white filter" time="0"/>
  <testcase classname="| firefox | 768 | 700 | tablet |" name="Then only white shoes should be displayed" time="0"/>
  <testcase classname="| firefox | 768 | 700 | tablet |" name="| firefox | 768 | 700 | tablet |" time="11.585"/>
  <testcase classname="| edge | 768 | 700 | tablet |" name="Given I run the test on edge with 768 and 700" time="0"/>
  <testcase classname="| edge | 768 | 700 | tablet |" name="And I am at AppliFashion Homepage for Task 1 test in tablet" time="0"/>
  <testcase classname="| edge | 768 | 700 | tablet |" name="When I click the white filter" time="0"/>
  <testcase classname="| edge | 768 | 700 | tablet |" name="Then only white shoes should be displayed" time="0"/>
  <testcase classname="| edge | 768 | 700 | tablet |" name="| edge | 768 | 700 | tablet |" time="1.252"/>
  <testcase classname="| chrome | 500 | 700 | mobile |" name="Given I run the test on chrome with 500 and 700" time="0"/>
  <testcase classname="| chrome | 500 | 700 | mobile |" name="And I am at AppliFashion Homepage for Task 1 test in mobile" time="0"/>
  <testcase classname="| chrome | 500 | 700 | mobile |" name="When I click the white filter" time="0"/>
  <testcase classname="| chrome | 500 | 700 | mobile |" name="Then only white shoes should be displayed" time="0"/>
  <testcase classname="| chrome | 500 | 700 | mobile |" name="| chrome | 500 | 700 | mobile |" time="1.155"/>
</testsuite>